Using pre-set license
Built from '2020.3/staging' branch; Version is '2020.3.0f1 (c7b5465681fb) revision 13088070'; Using compiler version '192528614'; Build Type 'Release'
OS: 'Windows 10 Home; OS build 19041.867; Version 2004; 64bit' Language: 'ko' Physical Memory: 8032 MB
BatchMode: 1, IsHumanControllingUs: 0, StartBugReporterOnCrash: 0, Is64bit: 1, IsPro: 0

 COMMAND LINE ARGUMENTS:
C:\Program Files\Unity\Hub\Editor\2020.3.0f1\Editor\Unity.exe
-adb2
-batchMode
-noUpm
-name
AssetImportWorker0
-projectPath
C:/Users/suras/Desktop/개발/Unity/Graduate
-logFile
Logs/AssetImportWorker0.log
-srvPort
9099
Successfully changed project path to: C:/Users/suras/Desktop/개발/Unity/Graduate
C:/Users/suras/Desktop/개발/Unity/Graduate
Using Asset Import Pipeline V2.
Refreshing native plugins compatible for Editor in 55.21 ms, found 0 plugins.
Preloading 0 native plugins for Editor in 0.00 ms.
Initialize engine version: 2020.3.0f1 (c7b5465681fb)
[Subsystems] Discovering subsystems at path C:/Program Files/Unity/Hub/Editor/2020.3.0f1/Editor/Data/Resources/UnitySubsystems
[Subsystems] Discovering subsystems at path C:/Users/suras/Desktop/개발/Unity/Graduate/Assets
GfxDevice: creating device client; threaded=0
Direct3D:
    Version:  Direct3D 11.0 [level 11.1]
    Renderer: NVIDIA GeForce GTX 1660 Ti with Max-Q Design (ID=0x2191)
    Vendor:   
    VRAM:     5991 MB
    Driver:   27.21.14.5766
Initialize mono
Mono path[0] = 'C:/Program Files/Unity/Hub/Editor/2020.3.0f1/Editor/Data/Managed'
Mono path[1] = 'C:/Program Files/Unity/Hub/Editor/2020.3.0f1/Editor/Data/MonoBleedingEdge/lib/mono/unityjit'
Mono config path = 'C:/Program Files/Unity/Hub/Editor/2020.3.0f1/Editor/Data/MonoBleedingEdge/etc'
Using monoOptions --debugger-agent=transport=dt_socket,embedding=1,server=y,suspend=n,address=127.0.0.1:56004
Begin MonoManager ReloadAssembly
Registering precompiled unity dll's ...
Register platform support module: C:/Program Files/Unity/Hub/Editor/2020.3.0f1/Editor/Data/PlaybackEngines/WindowsStandaloneSupport/UnityEditor.WindowsStandalone.Extensions.dll
Registered in 0.003703 seconds.
Native extension for WindowsStandalone target not found
Refreshing native plugins compatible for Editor in 59.36 ms, found 0 plugins.
Preloading 0 native plugins for Editor in 0.00 ms.
Invoked RoslynAnalysisRunner static constructor.
RoslynAnalysisRunner will not be running.
RoslynAnalysisRunner has terminated.
Mono: successfully reloaded assembly
- Completed reload, in  3.140 seconds
Platform modules already initialized, skipping
Registering precompiled user dll's ...
Registered in 0.001325 seconds.
Begin MonoManager ReloadAssembly
Native extension for WindowsStandalone target not found
Refreshing native plugins compatible for Editor in 0.41 ms, found 0 plugins.
Preloading 0 native plugins for Editor in 0.00 ms.
Invoked RoslynAnalysisRunner static constructor.
RoslynAnalysisRunner will not be running.
RoslynAnalysisRunner has terminated.
Mono: successfully reloaded assembly
- Completed reload, in  2.103 seconds
Platform modules already initialized, skipping
========================================================================
Worker process is ready to serve import requests
Launched and connected shader compiler UnityShaderCompiler.exe after 0.13 seconds
Refreshing native plugins compatible for Editor in 4.31 ms, found 0 plugins.
Preloading 0 native plugins for Editor in 0.00 ms.
Unloading 1903 Unused Serialized files (Serialized files now loaded: 0)
System memory in use before: 113.0 MB.
System memory in use after: 113.0 MB.

Unloading 14 unused Assets to reduce memory usage. Loaded Objects now: 2389.
Total: 5.712800 ms (FindLiveObjects: 0.515600 ms CreateObjectMapping: 0.270500 ms MarkObjects: 4.730700 ms  DeleteObjects: 0.192800 ms)

========================================================================
Received Import Request.
  path: Assets/Scripts/Pivot.cs
  artifactKey: Guid(48b8ef4c7a8269c4fb81bba78254cbf2) Importer(815301076,1909f56bfc062723c751e8b465ee728b)
Start importing Assets/Scripts/Pivot.cs using Guid(48b8ef4c7a8269c4fb81bba78254cbf2) Importer(815301076,1909f56bfc062723c751e8b465ee728b)  -> (artifact id: 'abb75b4fa6cad93318f6986833602ad2') in 0.156428 seconds
  Import took 0.173571 seconds .

========================================================================
Received Import Request.
  Time since last request: 118.103085 seconds.
  path: Assets/Forest/TreesModels/RedWood 5.prefab
  artifactKey: Guid(a7984f59c227d0240b9771d2797a085c) Importer(815301076,1909f56bfc062723c751e8b465ee728b)
Start importing Assets/Forest/TreesModels/RedWood 5.prefab using Guid(a7984f59c227d0240b9771d2797a085c) Importer(815301076,1909f56bfc062723c751e8b465ee728b)  -> (artifact id: 'c0dd7e103f0c7348a0deab2712c8c753') in 1.033668 seconds
  Import took 1.045003 seconds .

========================================================================
Received Import Request.
  Time since last request: 0.000409 seconds.
  path: Assets/Forest/Textures/Ground/Rock Grs 2.psd
  artifactKey: Guid(60f7afa6d7b152047a511ec0992a1457) Importer(815301076,1909f56bfc062723c751e8b465ee728b)
Start importing Assets/Forest/Textures/Ground/Rock Grs 2.psd using Guid(60f7afa6d7b152047a511ec0992a1457) Importer(815301076,1909f56bfc062723c751e8b465ee728b)  -> (artifact id: '58db17673317f8c7b0f2ba35ec2f6f6f') in 0.243847 seconds
  Import took 0.248801 seconds .

========================================================================
Received Import Request.
  Time since last request: 0.000376 seconds.
  path: Assets/Forest/Textures/Ground/Ground 1.psd
  artifactKey: Guid(38d6a13a3b047fe4ea696f11f4976f73) Importer(815301076,1909f56bfc062723c751e8b465ee728b)
Start importing Assets/Forest/Textures/Ground/Ground 1.psd using Guid(38d6a13a3b047fe4ea696f11f4976f73) Importer(815301076,1909f56bfc062723c751e8b465ee728b)  -> (artifact id: '3e0d74985dd4a8ae3d51135de51565d4') in 0.036864 seconds
  Import took 0.044769 seconds .

========================================================================
Received Import Request.
  Time since last request: 0.000623 seconds.
  path: Assets/Forest/Textures/Ground/Grass 3.psd
  artifactKey: Guid(656afd8e9942c0846bd3cb51c33e7cd2) Importer(815301076,1909f56bfc062723c751e8b465ee728b)
Start importing Assets/Forest/Textures/Ground/Grass 3.psd using Guid(656afd8e9942c0846bd3cb51c33e7cd2) Importer(815301076,1909f56bfc062723c751e8b465ee728b)  -> (artifact id: '5c22f513e23fdaa115f4b88c77cc93e7') in 0.045080 seconds
  Import took 0.056156 seconds .

========================================================================
Received Import Request.
  Time since last request: 0.000775 seconds.
  path: Assets/Forest/Textures/Ground/Grass 1.psd
  artifactKey: Guid(94685254be8a058428103d739877166a) Importer(815301076,1909f56bfc062723c751e8b465ee728b)
Start importing Assets/Forest/Textures/Ground/Grass 1.psd using Guid(94685254be8a058428103d739877166a) Importer(815301076,1909f56bfc062723c751e8b465ee728b)  -> (artifact id: 'e76c7cc934e7831b63b0370b67702943') in 0.057976 seconds
  Import took 0.067273 seconds .

========================================================================
Received Import Request.
  Time since last request: 80.490099 seconds.
  path: Assets/Scripts/Player.cs
  artifactKey: Guid(8c78c404a66532941a31c0066b8d5e93) Importer(815301076,1909f56bfc062723c751e8b465ee728b)
Start importing Assets/Scripts/Player.cs using Guid(8c78c404a66532941a31c0066b8d5e93) Importer(815301076,1909f56bfc062723c751e8b465ee728b)  -> (artifact id: '436d3c5ad1f0f4eb2f9f458141592914') in 0.014974 seconds
  Import took 0.022614 seconds .

========================================================================
Received Prepare
Registering precompiled user dll's ...
Registered in 0.002117 seconds.
Begin MonoManager ReloadAssembly
Native extension for WindowsStandalone target not found
Refreshing native plugins compatible for Editor in 0.75 ms, found 0 plugins.
Preloading 0 native plugins for Editor in 0.00 ms.
Invoked RoslynAnalysisRunner static constructor.
RoslynAnalysisRunner will not be running.
RoslynAnalysisRunner has terminated.
Mono: successfully reloaded assembly
- Completed reload, in  1.712 seconds
Platform modules already initialized, skipping
Refreshing native plugins compatible for Editor in 0.74 ms, found 0 plugins.
Preloading 0 native plugins for Editor in 0.00 ms.
Unloading 1846 Unused Serialized files (Serialized files now loaded: 0)
System memory in use before: 112.5 MB.
System memory in use after: 112.6 MB.

Unloading 5 unused Assets to reduce memory usage. Loaded Objects now: 2438.
Total: 5.765800 ms (FindLiveObjects: 1.245600 ms CreateObjectMapping: 0.681700 ms MarkObjects: 3.760600 ms  DeleteObjects: 0.071900 ms)

========================================================================
Received Prepare
Registering precompiled user dll's ...
Registered in 0.002578 seconds.
Begin MonoManager ReloadAssembly
Native extension for WindowsStandalone target not found
Refreshing native plugins compatible for Editor in 0.69 ms, found 0 plugins.
Preloading 0 native plugins for Editor in 0.00 ms.
Invoked RoslynAnalysisRunner static constructor.
RoslynAnalysisRunner will not be running.
RoslynAnalysisRunner has terminated.
Mono: successfully reloaded assembly
- Completed reload, in  1.414 seconds
Platform modules already initialized, skipping
Refreshing native plugins compatible for Editor in 0.61 ms, found 0 plugins.
Preloading 0 native plugins for Editor in 0.00 ms.
Unloading 1845 Unused Serialized files (Serialized files now loaded: 0)
System memory in use before: 112.5 MB.
System memory in use after: 112.6 MB.

Unloading 5 unused Assets to reduce memory usage. Loaded Objects now: 2441.
Total: 3.170900 ms (FindLiveObjects: 0.255900 ms CreateObjectMapping: 0.108200 ms MarkObjects: 2.769800 ms  DeleteObjects: 0.035400 ms)

========================================================================
Received Prepare
Registering precompiled user dll's ...
Registered in 0.001823 seconds.
Begin MonoManager ReloadAssembly
Native extension for WindowsStandalone target not found
Refreshing native plugins compatible for Editor in 0.39 ms, found 0 plugins.
Preloading 0 native plugins for Editor in 0.00 ms.
Invoked RoslynAnalysisRunner static constructor.
RoslynAnalysisRunner will not be running.
RoslynAnalysisRunner has terminated.
Mono: successfully reloaded assembly
- Completed reload, in  1.495 seconds
Platform modules already initialized, skipping
Refreshing native plugins compatible for Editor in 0.41 ms, found 0 plugins.
Preloading 0 native plugins for Editor in 0.00 ms.
Unloading 1845 Unused Serialized files (Serialized files now loaded: 0)
System memory in use before: 112.5 MB.
System memory in use after: 112.7 MB.

Unloading 5 unused Assets to reduce memory usage. Loaded Objects now: 2444.
Total: 2.858700 ms (FindLiveObjects: 0.299600 ms CreateObjectMapping: 0.107200 ms MarkObjects: 2.428100 ms  DeleteObjects: 0.021900 ms)

========================================================================
Received Prepare
Registering precompiled user dll's ...
Registered in 0.002455 seconds.
Begin MonoManager ReloadAssembly
Native extension for WindowsStandalone target not found
Refreshing native plugins compatible for Editor in 0.44 ms, found 0 plugins.
Preloading 0 native plugins for Editor in 0.00 ms.
Invoked RoslynAnalysisRunner static constructor.
RoslynAnalysisRunner will not be running.
RoslynAnalysisRunner has terminated.
Mono: successfully reloaded assembly
- Completed reload, in  1.298 seconds
Platform modules already initialized, skipping
Refreshing native plugins compatible for Editor in 0.73 ms, found 0 plugins.
Preloading 0 native plugins for Editor in 0.00 ms.
Unloading 1845 Unused Serialized files (Serialized files now loaded: 0)
System memory in use before: 112.5 MB.
System memory in use after: 112.7 MB.

Unloading 5 unused Assets to reduce memory usage. Loaded Objects now: 2447.
Total: 9.592600 ms (FindLiveObjects: 3.247700 ms CreateObjectMapping: 0.698600 ms MarkObjects: 5.596000 ms  DeleteObjects: 0.045100 ms)

========================================================================
Received Import Request.
  Time since last request: 382.723714 seconds.
  path: Assets/Scripts/Player.cs
  artifactKey: Guid(8c78c404a66532941a31c0066b8d5e93) Importer(815301076,1909f56bfc062723c751e8b465ee728b)
Start importing Assets/Scripts/Player.cs using Guid(8c78c404a66532941a31c0066b8d5e93) Importer(815301076,1909f56bfc062723c751e8b465ee728b)  -> (artifact id: 'ae24c211b2ca210c3a1ee919ae71ffe6') in 0.007671 seconds
  Import took 0.012038 seconds .

========================================================================
Received Import Request.
  Time since last request: 0.034495 seconds.
  path: Assets/Scripts/Player.cs
  artifactKey: Guid(8c78c404a66532941a31c0066b8d5e93) Importer(815301076,1909f56bfc062723c751e8b465ee728b)
Start importing Assets/Scripts/Player.cs using Guid(8c78c404a66532941a31c0066b8d5e93) Importer(815301076,1909f56bfc062723c751e8b465ee728b)  -> (artifact id: 'ae24c211b2ca210c3a1ee919ae71ffe6') in 0.005120 seconds
  Import took 0.013090 seconds .

========================================================================
Received Prepare
Registering precompiled user dll's ...
Registered in 0.001934 seconds.
Begin MonoManager ReloadAssembly
Native extension for WindowsStandalone target not found
Refreshing native plugins compatible for Editor in 0.48 ms, found 0 plugins.
Preloading 0 native plugins for Editor in 0.00 ms.
Invoked RoslynAnalysisRunner static constructor.
RoslynAnalysisRunner will not be running.
RoslynAnalysisRunner has terminated.
Mono: successfully reloaded assembly
- Completed reload, in  1.227 seconds
Platform modules already initialized, skipping
Refreshing native plugins compatible for Editor in 0.39 ms, found 0 plugins.
Preloading 0 native plugins for Editor in 0.00 ms.
Unloading 1845 Unused Serialized files (Serialized files now loaded: 0)
System memory in use before: 112.6 MB.
System memory in use after: 112.7 MB.

Unloading 5 unused Assets to reduce memory usage. Loaded Objects now: 2450.
Total: 2.796600 ms (FindLiveObjects: 0.426400 ms CreateObjectMapping: 0.108600 ms MarkObjects: 2.239900 ms  DeleteObjects: 0.019900 ms)

========================================================================
Received Import Request.
  Time since last request: 63.981459 seconds.
  path: Assets/Scripts/Player.cs
  artifactKey: Guid(8c78c404a66532941a31c0066b8d5e93) Importer(815301076,1909f56bfc062723c751e8b465ee728b)
Start importing Assets/Scripts/Player.cs using Guid(8c78c404a66532941a31c0066b8d5e93) Importer(815301076,1909f56bfc062723c751e8b465ee728b)  -> (artifact id: 'b7294d26b757f993915729e95155e7cd') in 0.054983 seconds
  Import took 0.059828 seconds .

========================================================================
Received Prepare
Registering precompiled user dll's ...
Registered in 0.001722 seconds.
Begin MonoManager ReloadAssembly
Native extension for WindowsStandalone target not found
Refreshing native plugins compatible for Editor in 0.73 ms, found 0 plugins.
Preloading 0 native plugins for Editor in 0.00 ms.
Invoked RoslynAnalysisRunner static constructor.
RoslynAnalysisRunner will not be running.
RoslynAnalysisRunner has terminated.
Mono: successfully reloaded assembly
- Completed reload, in  1.240 seconds
Platform modules already initialized, skipping
Refreshing native plugins compatible for Editor in 0.40 ms, found 0 plugins.
Preloading 0 native plugins for Editor in 0.00 ms.
Unloading 1845 Unused Serialized files (Serialized files now loaded: 0)
System memory in use before: 112.6 MB.
System memory in use after: 112.7 MB.

Unloading 5 unused Assets to reduce memory usage. Loaded Objects now: 2453.
Total: 2.915400 ms (FindLiveObjects: 0.399800 ms CreateObjectMapping: 0.117700 ms MarkObjects: 2.377900 ms  DeleteObjects: 0.018100 ms)

========================================================================
Received Prepare
Registering precompiled user dll's ...
Registered in 0.001509 seconds.
Begin MonoManager ReloadAssembly
Native extension for WindowsStandalone target not found
Refreshing native plugins compatible for Editor in 0.71 ms, found 0 plugins.
Preloading 0 native plugins for Editor in 0.00 ms.
Invoked RoslynAnalysisRunner static constructor.
RoslynAnalysisRunner will not be running.
RoslynAnalysisRunner has terminated.
Mono: successfully reloaded assembly
- Completed reload, in  1.256 seconds
Platform modules already initialized, skipping
Refreshing native plugins compatible for Editor in 0.43 ms, found 0 plugins.
Preloading 0 native plugins for Editor in 0.00 ms.
Unloading 1845 Unused Serialized files (Serialized files now loaded: 0)
System memory in use before: 112.6 MB.
System memory in use after: 112.7 MB.

Unloading 5 unused Assets to reduce memory usage. Loaded Objects now: 2456.
Total: 2.579600 ms (FindLiveObjects: 0.383300 ms CreateObjectMapping: 0.103500 ms MarkObjects: 2.072300 ms  DeleteObjects: 0.019200 ms)

========================================================================
Received Prepare
Registering precompiled user dll's ...
Registered in 0.001697 seconds.
Begin MonoManager ReloadAssembly
Native extension for WindowsStandalone target not found
Refreshing native plugins compatible for Editor in 0.45 ms, found 0 plugins.
Preloading 0 native plugins for Editor in 0.00 ms.
Invoked RoslynAnalysisRunner static constructor.
RoslynAnalysisRunner will not be running.
RoslynAnalysisRunner has terminated.
Mono: successfully reloaded assembly
- Completed reload, in  1.265 seconds
Platform modules already initialized, skipping
Refreshing native plugins compatible for Editor in 0.40 ms, found 0 plugins.
Preloading 0 native plugins for Editor in 0.00 ms.
Unloading 1845 Unused Serialized files (Serialized files now loaded: 0)
System memory in use before: 112.6 MB.
System memory in use after: 112.7 MB.

Unloading 5 unused Assets to reduce memory usage. Loaded Objects now: 2459.
Total: 2.556800 ms (FindLiveObjects: 0.303800 ms CreateObjectMapping: 0.093300 ms MarkObjects: 2.125900 ms  DeleteObjects: 0.032000 ms)

========================================================================
Received Import Request.
  Time since last request: 168.716836 seconds.
  path: Assets/Terrain/Map.asset
  artifactKey: Guid(7b9533ff79414fd49b6f81e3df412f78) Importer(815301076,1909f56bfc062723c751e8b465ee728b)
Start importing Assets/Terrain/Map.asset using Guid(7b9533ff79414fd49b6f81e3df412f78) Importer(815301076,1909f56bfc062723c751e8b465ee728b)  -> (artifact id: '10d74d3afcda419839f5233f9d5689e1') in 0.143886 seconds
  Import took 0.151342 seconds .

========================================================================
Received Import Request.
  Time since last request: 0.000450 seconds.
  path: Assets/Terrain/Physic Material.physicMaterial
  artifactKey: Guid(de604953cb2374646bac315f25af9303) Importer(815301076,1909f56bfc062723c751e8b465ee728b)
Start importing Assets/Terrain/Physic Material.physicMaterial using Guid(de604953cb2374646bac315f25af9303) Importer(815301076,1909f56bfc062723c751e8b465ee728b)  -> (artifact id: 'de2fe3ae5fb4635db9d2e38e275d3aa4') in 0.024644 seconds
  Import took 0.034048 seconds .

========================================================================
Received Import Request.
  Time since last request: 0.007065 seconds.
  path: Assets/Terrain/Physic Material.physicMaterial
  artifactKey: Guid(de604953cb2374646bac315f25af9303) Importer(815301076,1909f56bfc062723c751e8b465ee728b)
Start importing Assets/Terrain/Physic Material.physicMaterial using Guid(de604953cb2374646bac315f25af9303) Importer(815301076,1909f56bfc062723c751e8b465ee728b)  -> (artifact id: 'de2fe3ae5fb4635db9d2e38e275d3aa4') in 0.008502 seconds
  Import took 0.017395 seconds .

========================================================================
Received Prepare
Registering precompiled user dll's ...
Registered in 0.003209 seconds.
Begin MonoManager ReloadAssembly
Native extension for WindowsStandalone target not found
Refreshing native plugins compatible for Editor in 0.66 ms, found 0 plugins.
Preloading 0 native plugins for Editor in 0.00 ms.
Invoked RoslynAnalysisRunner static constructor.
RoslynAnalysisRunner will not be running.
RoslynAnalysisRunner has terminated.
Mono: successfully reloaded assembly
- Completed reload, in  1.489 seconds
Platform modules already initialized, skipping
Refreshing native plugins compatible for Editor in 0.59 ms, found 0 plugins.
Preloading 0 native plugins for Editor in 0.00 ms.
Unloading 1845 Unused Serialized files (Serialized files now loaded: 0)
System memory in use before: 112.6 MB.
System memory in use after: 112.7 MB.

Unloading 5 unused Assets to reduce memory usage. Loaded Objects now: 2462.
Total: 5.882200 ms (FindLiveObjects: 1.360900 ms CreateObjectMapping: 0.474300 ms MarkObjects: 4.018500 ms  DeleteObjects: 0.024800 ms)

========================================================================
Received Prepare
Registering precompiled user dll's ...
Registered in 0.002926 seconds.
Begin MonoManager ReloadAssembly
Native extension for WindowsStandalone target not found
Refreshing native plugins compatible for Editor in 0.38 ms, found 0 plugins.
Preloading 0 native plugins for Editor in 0.00 ms.
Invoked RoslynAnalysisRunner static constructor.
RoslynAnalysisRunner will not be running.
RoslynAnalysisRunner has terminated.
Mono: successfully reloaded assembly
- Completed reload, in  1.386 seconds
Platform modules already initialized, skipping
Refreshing native plugins compatible for Editor in 0.58 ms, found 0 plugins.
Preloading 0 native plugins for Editor in 0.00 ms.
Unloading 1845 Unused Serialized files (Serialized files now loaded: 0)
System memory in use before: 112.6 MB.
System memory in use after: 112.8 MB.

Unloading 5 unused Assets to reduce memory usage. Loaded Objects now: 2465.
Total: 2.544800 ms (FindLiveObjects: 0.314100 ms CreateObjectMapping: 0.085800 ms MarkObjects: 2.117400 ms  DeleteObjects: 0.024600 ms)

========================================================================
Received Import Request.
  Time since last request: 342.130131 seconds.
  path: Assets/Forest/Textures/Trees/Bark 1.psd
  artifactKey: Guid(2e590fb718397d345898d3466a34f388) Importer(815301076,1909f56bfc062723c751e8b465ee728b)
Start importing Assets/Forest/Textures/Trees/Bark 1.psd using Guid(2e590fb718397d345898d3466a34f388) Importer(815301076,1909f56bfc062723c751e8b465ee728b)  -> (artifact id: '70791eeba1c83624d3bd54ba74215d24') in 0.085139 seconds
  Import took 0.094318 seconds .

========================================================================
Received Import Request.
  Time since last request: 0.000663 seconds.
  path: Assets/Forest/Textures/Trees/bush 1 N.psd
  artifactKey: Guid(f82d96428e90b43469cb932848ed0ddd) Importer(815301076,1909f56bfc062723c751e8b465ee728b)
Start importing Assets/Forest/Textures/Trees/bush 1 N.psd using Guid(f82d96428e90b43469cb932848ed0ddd) Importer(815301076,1909f56bfc062723c751e8b465ee728b)  -> (artifact id: '2a0269b08578e23884ef67c2a88db13d') in 0.070184 seconds
  Import took 0.078631 seconds .

========================================================================
Received Import Request.
  Time since last request: 0.000424 seconds.
  path: Assets/Forest/Textures/Ground/Grass 3 N.psd
  artifactKey: Guid(235294f1608e77747a13fe9f9e7cffc7) Importer(815301076,1909f56bfc062723c751e8b465ee728b)
Start importing Assets/Forest/Textures/Ground/Grass 3 N.psd using Guid(235294f1608e77747a13fe9f9e7cffc7) Importer(815301076,1909f56bfc062723c751e8b465ee728b)  -> (artifact id: '0479d38bfdc20fa7db8f7af90964f6b7') in 0.272210 seconds
  Import took 0.302880 seconds .

========================================================================
Received Import Request.
  Time since last request: 0.000575 seconds.
  path: Assets/Forest/Textures/Grass/grass plant 4.png
  artifactKey: Guid(c7abd6e6162ed0141870c5c748173ecb) Importer(815301076,1909f56bfc062723c751e8b465ee728b)
Start importing Assets/Forest/Textures/Grass/grass plant 4.png using Guid(c7abd6e6162ed0141870c5c748173ecb) Importer(815301076,1909f56bfc062723c751e8b465ee728b)  -> (artifact id: '0bbbf24758ce26be20547c7c9c8d06ca') in 0.393071 seconds
  Import took 0.405650 seconds .

========================================================================
Received Import Request.
  Time since last request: 0.000459 seconds.
  path: Assets/Sky/Epic_GloriousPink/Epic_GloriousPink_Cam_2_Left+X.png
  artifactKey: Guid(c85a861fbad8f45169567bbfa332ecf8) Importer(815301076,1909f56bfc062723c751e8b465ee728b)
Start importing Assets/Sky/Epic_GloriousPink/Epic_GloriousPink_Cam_2_Left+X.png using Guid(c85a861fbad8f45169567bbfa332ecf8) Importer(815301076,1909f56bfc062723c751e8b465ee728b)  -> (artifact id: 'fe11db46b077b4252c0204d580e76da1') in 0.045266 seconds
  Import took 0.055776 seconds .

========================================================================
Received Import Request.
  Time since last request: 0.000689 seconds.
  path: Assets/Forest/TreesModels/RedWood 3_Textures/diffuse.png
  artifactKey: Guid(2c8b35b0fde301740b96a3435d9a1918) Importer(815301076,1909f56bfc062723c751e8b465ee728b)
Start importing Assets/Forest/TreesModels/RedWood 3_Textures/diffuse.png using Guid(2c8b35b0fde301740b96a3435d9a1918) Importer(815301076,1909f56bfc062723c751e8b465ee728b)  -> (artifact id: '8f26a6ac0622ec59b21e0a82ad06bda5') in 0.048863 seconds
  Import took 0.059237 seconds .

========================================================================
Received Import Request.
  Time since last request: 0.000585 seconds.
  path: Assets/Sky/Epic_GloriousPink/Epic_GloriousPink_Cam_1_Back-Z.png
  artifactKey: Guid(8e7251cff63ea413db367d2893f57bf6) Importer(815301076,1909f56bfc062723c751e8b465ee728b)
Start importing Assets/Sky/Epic_GloriousPink/Epic_GloriousPink_Cam_1_Back-Z.png using Guid(8e7251cff63ea413db367d2893f57bf6) Importer(815301076,1909f56bfc062723c751e8b465ee728b)  -> (artifact id: '7a808e12a3795b8b43a8700453604ccc') in 0.046607 seconds
  Import took 0.056053 seconds .

========================================================================
Received Import Request.
  Time since last request: 0.002611 seconds.
  path: Assets/Sky/Epic_GloriousPink/Epic_GloriousPink_Cam_3_Right-X.png
  artifactKey: Guid(938f8444195114ab791cdba8f627e3e7) Importer(815301076,1909f56bfc062723c751e8b465ee728b)
Start importing Assets/Sky/Epic_GloriousPink/Epic_GloriousPink_Cam_3_Right-X.png using Guid(938f8444195114ab791cdba8f627e3e7) Importer(815301076,1909f56bfc062723c751e8b465ee728b)  -> (artifact id: '6ad6802a33bcc678a0d2cd5a4a99a250') in 0.043105 seconds
  Import took 0.051317 seconds .

========================================================================
Received Import Request.
  Time since last request: 0.000615 seconds.
  path: Assets/Forest/Textures/Grass/grass plant 2.png
  artifactKey: Guid(2e2aeb89009e08c479cf2903fc8fa276) Importer(815301076,1909f56bfc062723c751e8b465ee728b)
Start importing Assets/Forest/Textures/Grass/grass plant 2.png using Guid(2e2aeb89009e08c479cf2903fc8fa276) Importer(815301076,1909f56bfc062723c751e8b465ee728b)  -> (artifact id: 'cd0e5056d5a81342823c3c7a4cc96892') in 0.053107 seconds
  Import took 0.060000 seconds .

========================================================================
Received Import Request.
  Time since last request: 0.000521 seconds.
  path: Assets/Forest/Textures/Trees/bush 2 N.psd
  artifactKey: Guid(215001c2d9f8acd43bc9dde11084b783) Importer(815301076,1909f56bfc062723c751e8b465ee728b)
Start importing Assets/Forest/Textures/Trees/bush 2 N.psd using Guid(215001c2d9f8acd43bc9dde11084b783) Importer(815301076,1909f56bfc062723c751e8b465ee728b)  -> (artifact id: '53ea0c9487a93c19640dcbfcfdf2e846') in 0.074994 seconds
  Import took 0.086819 seconds .

========================================================================
Received Import Request.
  Time since last request: 0.000684 seconds.
  path: Assets/Forest/TreesModels/RedWood 5_Textures/diffuse.png
  artifactKey: Guid(cc4bcc87e3fd5d1458291174eb2efa09) Importer(815301076,1909f56bfc062723c751e8b465ee728b)
Start importing Assets/Forest/TreesModels/RedWood 5_Textures/diffuse.png using Guid(cc4bcc87e3fd5d1458291174eb2efa09) Importer(815301076,1909f56bfc062723c751e8b465ee728b)  -> (artifact id: 'e906097701fae2227b23e55b156d6d03') in 0.035807 seconds
  Import took 0.045351 seconds .

========================================================================
Received Import Request.
  Time since last request: 0.000469 seconds.
  path: Assets/Forest/Textures/Grass/grass plant 3.png
  artifactKey: Guid(2eace3a6a0d7102448747a73ea654913) Importer(815301076,1909f56bfc062723c751e8b465ee728b)
Start importing Assets/Forest/Textures/Grass/grass plant 3.png using Guid(2eace3a6a0d7102448747a73ea654913) Importer(815301076,1909f56bfc062723c751e8b465ee728b)  -> (artifact id: '6112fa6aeef337106f0de094746d2335') in 0.030508 seconds
  Import took 0.038107 seconds .

========================================================================
Received Import Request.
  Time since last request: 0.000388 seconds.
  path: Assets/Forest/Textures/Grass/grass plant 1.png
  artifactKey: Guid(0705cfa7ef11ef4438997bbfd18fdbd1) Importer(815301076,1909f56bfc062723c751e8b465ee728b)
Start importing Assets/Forest/Textures/Grass/grass plant 1.png using Guid(0705cfa7ef11ef4438997bbfd18fdbd1) Importer(815301076,1909f56bfc062723c751e8b465ee728b)  -> (artifact id: 'b0b139af8deb55f81ab74289f44a064d') in 0.047609 seconds
  Import took 0.055898 seconds .

========================================================================
Received Import Request.
  Time since last request: 0.000484 seconds.
  path: Assets/Forest/Textures/Ground/Ground 1 N.psd
  artifactKey: Guid(a1fb8480cd1b30448a52e6df95f69224) Importer(815301076,1909f56bfc062723c751e8b465ee728b)
Start importing Assets/Forest/Textures/Ground/Ground 1 N.psd using Guid(a1fb8480cd1b30448a52e6df95f69224) Importer(815301076,1909f56bfc062723c751e8b465ee728b)  -> (artifact id: 'c10fbcdf87068c99d4a9f1b87cc74d4f') in 0.058715 seconds
  Import took 0.067746 seconds .

========================================================================
Received Import Request.
  Time since last request: 0.000762 seconds.
  path: Assets/Forest/Textures/Trees/Bark 1.psd
  artifactKey: Guid(2e590fb718397d345898d3466a34f388) Importer(815301076,1909f56bfc062723c751e8b465ee728b)
Start importing Assets/Forest/Textures/Trees/Bark 1.psd using Guid(2e590fb718397d345898d3466a34f388) Importer(815301076,1909f56bfc062723c751e8b465ee728b)  -> (artifact id: '70791eeba1c83624d3bd54ba74215d24') in 0.098609 seconds
  Import took 0.125608 seconds .

========================================================================
Received Import Request.
  Time since last request: 0.001939 seconds.
  path: Assets/Forest/Textures/Trees/bush 1.psd
  artifactKey: Guid(08060bf4d821c1645a56abe8468767ce) Importer(815301076,1909f56bfc062723c751e8b465ee728b)
Start importing Assets/Forest/Textures/Trees/bush 1.psd using Guid(08060bf4d821c1645a56abe8468767ce) Importer(815301076,1909f56bfc062723c751e8b465ee728b)  -> (artifact id: '92110f794bc9e8426370bf9e65be6161') in 0.105170 seconds
  Import took 0.127229 seconds .

========================================================================
Received Import Request.
  Time since last request: 0.000654 seconds.
  path: Assets/Forest/Textures/Trees/bush 2.psd
  artifactKey: Guid(e5764d649f4d5aa44bd1364aaff46b6e) Importer(815301076,1909f56bfc062723c751e8b465ee728b)
Start importing Assets/Forest/Textures/Trees/bush 2.psd using Guid(e5764d649f4d5aa44bd1364aaff46b6e) Importer(815301076,1909f56bfc062723c751e8b465ee728b)  -> (artifact id: 'eb05612a2ed3efd9851bc284398a2881') in 0.049314 seconds
  Import took 0.059826 seconds .

========================================================================
Received Import Request.
  Time since last request: 0.001157 seconds.
  path: Assets/Forest/Textures/Trees/Bark 2 N.psd
  artifactKey: Guid(f08221096a97744419c55f1266293ae5) Importer(815301076,1909f56bfc062723c751e8b465ee728b)
Start importing Assets/Forest/Textures/Trees/Bark 2 N.psd using Guid(f08221096a97744419c55f1266293ae5) Importer(815301076,1909f56bfc062723c751e8b465ee728b)  -> (artifact id: '099d59a197738ba8e04105f14c6f325e') in 0.091139 seconds
  Import took 0.105273 seconds .

========================================================================
Received Import Request.
  Time since last request: 0.000491 seconds.
  path: Assets/Sky/Epic_GloriousPink/Epic_GloriousPink_Cam_0_Front+Z.png
  artifactKey: Guid(87dff0577f22146db9255e2cf270d6ee) Importer(815301076,1909f56bfc062723c751e8b465ee728b)
Start importing Assets/Sky/Epic_GloriousPink/Epic_GloriousPink_Cam_0_Front+Z.png using Guid(87dff0577f22146db9255e2cf270d6ee) Importer(815301076,1909f56bfc062723c751e8b465ee728b)  -> (artifact id: 'a127a93672bd4bc6dd7155bc3b6f4a07') in 0.088366 seconds
  Import took 0.098834 seconds .

========================================================================
Received Import Request.
  Time since last request: 0.000933 seconds.
  path: Assets/Forest/TreesModels/bush 1_Textures/diffuse.png
  artifactKey: Guid(370a0ab725f384143aaab0a517506ffd) Importer(815301076,1909f56bfc062723c751e8b465ee728b)
Start importing Assets/Forest/TreesModels/bush 1_Textures/diffuse.png using Guid(370a0ab725f384143aaab0a517506ffd) Importer(815301076,1909f56bfc062723c751e8b465ee728b)  -> (artifact id: 'f74ec31f6fda716585ba548861449058') in 0.042028 seconds
  Import took 0.051316 seconds .

========================================================================
Received Import Request.
  Time since last request: 0.000641 seconds.
  path: Assets/Sky/Epic_GloriousPink/Epic_GloriousPink_Cam_4_Up+Y.png
  artifactKey: Guid(c3e1d31cf8ef742ad8aed75a1fdaff49) Importer(815301076,1909f56bfc062723c751e8b465ee728b)
Start importing Assets/Sky/Epic_GloriousPink/Epic_GloriousPink_Cam_4_Up+Y.png using Guid(c3e1d31cf8ef742ad8aed75a1fdaff49) Importer(815301076,1909f56bfc062723c751e8b465ee728b)  -> (artifact id: '1850e84de3c783f22597c57eae20da49') in 0.049836 seconds
  Import took 0.059023 seconds .

========================================================================
Received Import Request.
  Time since last request: 0.000431 seconds.
  path: Assets/Forest/TreesModels/bush 2_Textures/diffuse.png
  artifactKey: Guid(d3b0e003bad7f844bb42c56de9c13370) Importer(815301076,1909f56bfc062723c751e8b465ee728b)
Start importing Assets/Forest/TreesModels/bush 2_Textures/diffuse.png using Guid(d3b0e003bad7f844bb42c56de9c13370) Importer(815301076,1909f56bfc062723c751e8b465ee728b)  -> (artifact id: '87b34a07977310b2d13273fb2540469c') in 0.038387 seconds
  Import took 0.047917 seconds .

========================================================================
Received Import Request.
  Time since last request: 0.000551 seconds.
  path: Assets/Forest/Textures/Trees/bush 1 S.psd
  artifactKey: Guid(908f959504263cc4baee36682cfffed5) Importer(815301076,1909f56bfc062723c751e8b465ee728b)
Start importing Assets/Forest/Textures/Trees/bush 1 S.psd using Guid(908f959504263cc4baee36682cfffed5) Importer(815301076,1909f56bfc062723c751e8b465ee728b)  -> (artifact id: 'bc5b5841c1bba3cbec29b792684edbc7') in 0.041517 seconds
  Import took 0.051520 seconds .

========================================================================
Received Import Request.
  Time since last request: 0.000478 seconds.
  path: Assets/Forest/Textures/Trees/bush 2 S.psd
  artifactKey: Guid(bd93a1579d87dc64ba43f463ee7bd608) Importer(815301076,1909f56bfc062723c751e8b465ee728b)
Start importing Assets/Forest/Textures/Trees/bush 2 S.psd using Guid(bd93a1579d87dc64ba43f463ee7bd608) Importer(815301076,1909f56bfc062723c751e8b465ee728b)  -> (artifact id: 'd98ae5435d68f6d509663291055c3f6b') in 0.038521 seconds
  Import took 0.047897 seconds .

========================================================================
Received Import Request.
  Time since last request: 0.000837 seconds.
  path: Assets/Forest/Textures/Trees/bush 2 Trans.psd
  artifactKey: Guid(cbce07d5b59481a41b637d95986cba1a) Importer(815301076,1909f56bfc062723c751e8b465ee728b)
Start importing Assets/Forest/Textures/Trees/bush 2 Trans.psd using Guid(cbce07d5b59481a41b637d95986cba1a) Importer(815301076,1909f56bfc062723c751e8b465ee728b)  -> (artifact id: '32dabb7a7c1aa946e713033f8c5ce2e8') in 0.049164 seconds
  Import took 0.056753 seconds .

========================================================================
Received Import Request.
  Time since last request: 0.000395 seconds.
  path: Assets/Forest/Textures/Trees/bush 1 Trans.psd
  artifactKey: Guid(6ec4b90faa42dbb4ca3bb84792382cb2) Importer(815301076,1909f56bfc062723c751e8b465ee728b)
Start importing Assets/Forest/Textures/Trees/bush 1 Trans.psd using Guid(6ec4b90faa42dbb4ca3bb84792382cb2) Importer(815301076,1909f56bfc062723c751e8b465ee728b)  -> (artifact id: '01532d4972754fc86a5a053af4d05209') in 0.031232 seconds
  Import took 0.036046 seconds .

========================================================================
Received Import Request.
  Time since last request: 0.000426 seconds.
  path: Assets/Forest/TreesModels/RedWood 2_Textures/diffuse.png
  artifactKey: Guid(d38d1a47ec1298549813aa83d382fda1) Importer(815301076,1909f56bfc062723c751e8b465ee728b)
Start importing Assets/Forest/TreesModels/RedWood 2_Textures/diffuse.png using Guid(d38d1a47ec1298549813aa83d382fda1) Importer(815301076,1909f56bfc062723c751e8b465ee728b)  -> (artifact id: '41ff6ae5381cbeb822dfc127024faf65') in 0.027912 seconds
  Import took 0.035938 seconds .

========================================================================
Received Import Request.
  Time since last request: 0.000527 seconds.
  path: Assets/Forest/Textures/Trees/Bark 2.psd
  artifactKey: Guid(1a3df453886534b47a4f53833e187bea) Importer(815301076,1909f56bfc062723c751e8b465ee728b)
Start importing Assets/Forest/Textures/Trees/Bark 2.psd using Guid(1a3df453886534b47a4f53833e187bea) Importer(815301076,1909f56bfc062723c751e8b465ee728b)  -> (artifact id: 'e27b5f5e932a1d090cc8d961d71fe068') in 0.051111 seconds
  Import took 0.059620 seconds .

========================================================================
Received Import Request.
  Time since last request: 0.001084 seconds.
  path: Assets/Forest/Textures/Ground/Grass 1 N.psd
  artifactKey: Guid(cd0df4b4b7ec579499800f972de7875c) Importer(815301076,1909f56bfc062723c751e8b465ee728b)
Start importing Assets/Forest/Textures/Ground/Grass 1 N.psd using Guid(cd0df4b4b7ec579499800f972de7875c) Importer(815301076,1909f56bfc062723c751e8b465ee728b)  -> (artifact id: 'f82cdc30c4f53122f64e1103bf7b2359') in 0.038328 seconds
  Import took 0.045892 seconds .

========================================================================
Received Import Request.
  Time since last request: 0.000379 seconds.
  path: Assets/Forest/Textures/Trees/leaf 1.psd
  artifactKey: Guid(082423fd67faa4d428593cd66c527605) Importer(815301076,1909f56bfc062723c751e8b465ee728b)
Start importing Assets/Forest/Textures/Trees/leaf 1.psd using Guid(082423fd67faa4d428593cd66c527605) Importer(815301076,1909f56bfc062723c751e8b465ee728b)  -> (artifact id: 'b126b46e7aa70d4cfa6ecac7899f2542') in 0.063442 seconds
  Import took 0.070613 seconds .

========================================================================
Received Import Request.
  Time since last request: 0.000630 seconds.
  path: Assets/Forest/Textures/Trees/Bark 1 N.psd
  artifactKey: Guid(a5884e30377ed0a45a18cca3365b29b4) Importer(815301076,1909f56bfc062723c751e8b465ee728b)
Start importing Assets/Forest/Textures/Trees/Bark 1 N.psd using Guid(a5884e30377ed0a45a18cca3365b29b4) Importer(815301076,1909f56bfc062723c751e8b465ee728b)  -> (artifact id: '24e9e8f3abb4e22c36109712ec5dbdaa') in 0.050085 seconds
  Import took 0.058241 seconds .

========================================================================
Received Import Request.
  Time since last request: 0.000559 seconds.
  path: Assets/Forest/TreesModels/RedWood 4_Textures/diffuse.png
  artifactKey: Guid(e7a7357d3fd35034e9089d4f7ba3cf1f) Importer(815301076,1909f56bfc062723c751e8b465ee728b)
Start importing Assets/Forest/TreesModels/RedWood 4_Textures/diffuse.png using Guid(e7a7357d3fd35034e9089d4f7ba3cf1f) Importer(815301076,1909f56bfc062723c751e8b465ee728b)  -> (artifact id: '8815b1144cb1e39f77641b206f73ee74') in 0.037214 seconds
  Import took 0.044277 seconds .

========================================================================
Received Import Request.
  Time since last request: 0.000816 seconds.
  path: Assets/Forest/TreesModels/bush 1_Textures/normal_specular.png
  artifactKey: Guid(c7a8a1a5c6b940444901716129dc4e1e) Importer(815301076,1909f56bfc062723c751e8b465ee728b)
Start importing Assets/Forest/TreesModels/bush 1_Textures/normal_specular.png using Guid(c7a8a1a5c6b940444901716129dc4e1e) Importer(815301076,1909f56bfc062723c751e8b465ee728b)  -> (artifact id: '3e56aa1ff7a38e6540add99750c2e186') in 0.040689 seconds
  Import took 0.050535 seconds .

========================================================================
Received Import Request.
  Time since last request: 0.000456 seconds.
  path: Assets/Forest/Textures/Trees/leaf 1 Trans.psd
  artifactKey: Guid(22e112fe5cfb2fd4b9ee61071aba8f13) Importer(815301076,1909f56bfc062723c751e8b465ee728b)
Start importing Assets/Forest/Textures/Trees/leaf 1 Trans.psd using Guid(22e112fe5cfb2fd4b9ee61071aba8f13) Importer(815301076,1909f56bfc062723c751e8b465ee728b)  -> (artifact id: '82e06efad2ebde1efb129b3f6eade34a') in 0.047130 seconds
  Import took 0.052941 seconds .

========================================================================
Received Import Request.
  Time since last request: 0.000480 seconds.
  path: Assets/Forest/TreesModels/RedWood 5_Textures/shadow.png
  artifactKey: Guid(6af796a350110b242a37fd6cf05eeb0f) Importer(815301076,1909f56bfc062723c751e8b465ee728b)
Start importing Assets/Forest/TreesModels/RedWood 5_Textures/shadow.png using Guid(6af796a350110b242a37fd6cf05eeb0f) Importer(815301076,1909f56bfc062723c751e8b465ee728b)  -> (artifact id: 'f7b0f4c913a738f3d300e17f96b4cc8d') in 0.027775 seconds
  Import took 0.035298 seconds .

========================================================================
Received Import Request.
  Time since last request: 0.000461 seconds.
  path: Assets/Forest/TreesModels/bush 2_Textures/shadow.png
  artifactKey: Guid(2f19b414c4cf23644907f1a244320a99) Importer(815301076,1909f56bfc062723c751e8b465ee728b)
Start importing Assets/Forest/TreesModels/bush 2_Textures/shadow.png using Guid(2f19b414c4cf23644907f1a244320a99) Importer(815301076,1909f56bfc062723c751e8b465ee728b)  -> (artifact id: 'e89acd44a920f960b544003626199082') in 0.040633 seconds
  Import took 0.051257 seconds .

========================================================================
Received Import Request.
  Time since last request: 0.000660 seconds.
  path: Assets/Forest/TreesModels/bush 2_Textures/translucency_gloss.png
  artifactKey: Guid(325b1d0623db01344bea0d91ba9bd0c2) Importer(815301076,1909f56bfc062723c751e8b465ee728b)
Start importing Assets/Forest/TreesModels/bush 2_Textures/translucency_gloss.png using Guid(325b1d0623db01344bea0d91ba9bd0c2) Importer(815301076,1909f56bfc062723c751e8b465ee728b)  -> (artifact id: 'cd81d9bcb1fb427cdc936e72d70b69a3') in 0.044071 seconds
  Import took 0.054052 seconds .

========================================================================
Received Import Request.
  Time since last request: 0.000604 seconds.
  path: Assets/Forest/TreesModels/RedWood 2_Textures/shadow.png
  artifactKey: Guid(2d1eb959e9bbe124f99827bf1a2f4282) Importer(815301076,1909f56bfc062723c751e8b465ee728b)
Start importing Assets/Forest/TreesModels/RedWood 2_Textures/shadow.png using Guid(2d1eb959e9bbe124f99827bf1a2f4282) Importer(815301076,1909f56bfc062723c751e8b465ee728b)  -> (artifact id: '12ed3c08cd98771f8501c1b0026552e2') in 0.021282 seconds
  Import took 0.031362 seconds .

========================================================================
Received Import Request.
  Time since last request: 0.000458 seconds.
  path: Assets/Forest/TreesModels/RedWood 2_Textures/translucency_gloss.png
  artifactKey: Guid(71ea8ac4f7d863642ab5f69a157bfbb9) Importer(815301076,1909f56bfc062723c751e8b465ee728b)
Start importing Assets/Forest/TreesModels/RedWood 2_Textures/translucency_gloss.png using Guid(71ea8ac4f7d863642ab5f69a157bfbb9) Importer(815301076,1909f56bfc062723c751e8b465ee728b)  -> (artifact id: '0c86a2afb4ceafccbfd176bf177380ff') in 0.038914 seconds
  Import took 0.046346 seconds .

========================================================================
Received Import Request.
  Time since last request: 0.000740 seconds.
  path: Assets/Forest/TreesModels/bush 1_Textures/translucency_gloss.png
  artifactKey: Guid(cefe572908d310642a2bc469bc4799c2) Importer(815301076,1909f56bfc062723c751e8b465ee728b)
Start importing Assets/Forest/TreesModels/bush 1_Textures/translucency_gloss.png using Guid(cefe572908d310642a2bc469bc4799c2) Importer(815301076,1909f56bfc062723c751e8b465ee728b)  -> (artifact id: 'ab0a1fa31154e745931da78e842f1e94') in 0.035543 seconds
  Import took 0.044560 seconds .

========================================================================
Received Import Request.
  Time since last request: 0.000513 seconds.
  path: Assets/Forest/Textures/Water/water.psd
  artifactKey: Guid(6192427b92ff4584995a5e585bc4fd67) Importer(815301076,1909f56bfc062723c751e8b465ee728b)
Start importing Assets/Forest/Textures/Water/water.psd using Guid(6192427b92ff4584995a5e585bc4fd67) Importer(815301076,1909f56bfc062723c751e8b465ee728b)  -> (artifact id: 'b56c3d772df19a1b3d804657b1f4d860') in 0.048673 seconds
  Import took 0.056621 seconds .

========================================================================
Received Import Request.
  Time since last request: 0.000561 seconds.
  path: Assets/Forest/Textures/Water/water pool.psd
  artifactKey: Guid(e0d862c4fd71b3f479612a378d3a6d1f) Importer(815301076,1909f56bfc062723c751e8b465ee728b)
Start importing Assets/Forest/Textures/Water/water pool.psd using Guid(e0d862c4fd71b3f479612a378d3a6d1f) Importer(815301076,1909f56bfc062723c751e8b465ee728b)  -> (artifact id: '2ce7579679267fb2b666aa13c4717a57') in 0.047663 seconds
  Import took 0.055098 seconds .

========================================================================
Received Import Request.
  Time since last request: 0.001006 seconds.
  path: Assets/Forest/TreesModels/RedWood 3_Textures/shadow.png
  artifactKey: Guid(71062ee7019f6d34394e6ab917305648) Importer(815301076,1909f56bfc062723c751e8b465ee728b)
Start importing Assets/Forest/TreesModels/RedWood 3_Textures/shadow.png using Guid(71062ee7019f6d34394e6ab917305648) Importer(815301076,1909f56bfc062723c751e8b465ee728b)  -> (artifact id: '766f6caa231f97c7c67522bfaa145100') in 0.023249 seconds
  Import took 0.030378 seconds .

========================================================================
Received Import Request.
  Time since last request: 0.000557 seconds.
  path: Assets/Forest/TreesModels/bush 1_Textures/shadow.png
  artifactKey: Guid(0f439eb8a359021478358a33eecbbcd8) Importer(815301076,1909f56bfc062723c751e8b465ee728b)
Start importing Assets/Forest/TreesModels/bush 1_Textures/shadow.png using Guid(0f439eb8a359021478358a33eecbbcd8) Importer(815301076,1909f56bfc062723c751e8b465ee728b)  -> (artifact id: '07f264c15ac3fec97e33b62529ac3ab6') in 0.031842 seconds
  Import took 0.039712 seconds .

========================================================================
Received Import Request.
  Time since last request: 0.000423 seconds.
  path: Assets/Forest/TreesModels/RedWood 4_Textures/translucency_gloss.png
  artifactKey: Guid(8c9c8b17841ed5947bbf1f42913b022c) Importer(815301076,1909f56bfc062723c751e8b465ee728b)
Start importing Assets/Forest/TreesModels/RedWood 4_Textures/translucency_gloss.png using Guid(8c9c8b17841ed5947bbf1f42913b022c) Importer(815301076,1909f56bfc062723c751e8b465ee728b)  -> (artifact id: '0eb03f730bf1fb6cd0b69e84edc89d4d') in 0.025122 seconds
  Import took 0.033364 seconds .

========================================================================
Received Import Request.
  Time since last request: 0.000424 seconds.
  path: Assets/Forest/TreesModels/bush 2_Textures/normal_specular.png
  artifactKey: Guid(d7f613fe5f693f44c8a0917dc4787d03) Importer(815301076,1909f56bfc062723c751e8b465ee728b)
Start importing Assets/Forest/TreesModels/bush 2_Textures/normal_specular.png using Guid(d7f613fe5f693f44c8a0917dc4787d03) Importer(815301076,1909f56bfc062723c751e8b465ee728b)  -> (artifact id: 'dfecc4fec540148c2140d2ae1bef9d26') in 0.043330 seconds
  Import took 0.049022 seconds .

========================================================================
Received Import Request.
  Time since last request: 0.000417 seconds.
  path: Assets/Forest/Textures/Trees/leaf 1 N.psd
  artifactKey: Guid(52018f42316484847b13573625186936) Importer(815301076,1909f56bfc062723c751e8b465ee728b)
Start importing Assets/Forest/Textures/Trees/leaf 1 N.psd using Guid(52018f42316484847b13573625186936) Importer(815301076,1909f56bfc062723c751e8b465ee728b)  -> (artifact id: 'd851bde040a77fc16c3714d43b250a97') in 0.042928 seconds
  Import took 0.048588 seconds .

========================================================================
Received Import Request.
  Time since last request: 0.000678 seconds.
  path: Assets/Forest/Textures/Trees/leaf 1 S.psd
  artifactKey: Guid(b283b0034983bb145a53587c35d25f9c) Importer(815301076,1909f56bfc062723c751e8b465ee728b)
Start importing Assets/Forest/Textures/Trees/leaf 1 S.psd using Guid(b283b0034983bb145a53587c35d25f9c) Importer(815301076,1909f56bfc062723c751e8b465ee728b)  -> (artifact id: '5a9acd1a5eaf85b11a15975f3b9eb87f') in 0.046217 seconds
  Import took 0.053407 seconds .

========================================================================
Received Import Request.
  Time since last request: 0.001093 seconds.
  path: Assets/Forest/TreesModels/RedWood 3_Textures/translucency_gloss.png
  artifactKey: Guid(6faec6c4802f2124da0037e7520e1b92) Importer(815301076,1909f56bfc062723c751e8b465ee728b)
Start importing Assets/Forest/TreesModels/RedWood 3_Textures/translucency_gloss.png using Guid(6faec6c4802f2124da0037e7520e1b92) Importer(815301076,1909f56bfc062723c751e8b465ee728b)  -> (artifact id: 'a1ef12b1166eea378e339f0bf0398585') in 0.023593 seconds
  Import took 0.034976 seconds .

========================================================================
Received Import Request.
  Time since last request: 0.000748 seconds.
  path: Assets/Forest/TreesModels/RedWood 4_Textures/normal_specular.png
  artifactKey: Guid(b7429637edcfb4f49b54df9fba8a26ce) Importer(815301076,1909f56bfc062723c751e8b465ee728b)
Start importing Assets/Forest/TreesModels/RedWood 4_Textures/normal_specular.png using Guid(b7429637edcfb4f49b54df9fba8a26ce) Importer(815301076,1909f56bfc062723c751e8b465ee728b)  -> (artifact id: 'a53aa8e3f498745fe1c6b7e27d3ab175') in 0.033957 seconds
  Import took 0.043992 seconds .

========================================================================
Received Import Request.
  Time since last request: 0.000560 seconds.
  path: Assets/Forest/TreesModels/RedWood 5_Textures/normal_specular.png
  artifactKey: Guid(6a5ffc35a1583db4a87aa5a275ee0814) Importer(815301076,1909f56bfc062723c751e8b465ee728b)
Start importing Assets/Forest/TreesModels/RedWood 5_Textures/normal_specular.png using Guid(6a5ffc35a1583db4a87aa5a275ee0814) Importer(815301076,1909f56bfc062723c751e8b465ee728b)  -> (artifact id: 'c9fc414ad8be6146797d1efbd3638ae4') in 0.033362 seconds
  Import took 0.041198 seconds .

========================================================================
Received Import Request.
  Time since last request: 0.000410 seconds.
  path: Assets/Forest/TreesModels/RedWood 4_Textures/shadow.png
  artifactKey: Guid(94b9140b81d32a847974559080955e94) Importer(815301076,1909f56bfc062723c751e8b465ee728b)
Start importing Assets/Forest/TreesModels/RedWood 4_Textures/shadow.png using Guid(94b9140b81d32a847974559080955e94) Importer(815301076,1909f56bfc062723c751e8b465ee728b)  -> (artifact id: '1fe01ab8238311f70233c009e7c72695') in 0.022024 seconds
  Import took 0.028514 seconds .

========================================================================
Received Import Request.
  Time since last request: 0.000393 seconds.
  path: Assets/Forest/TreesModels/RedWood 5_Textures/translucency_gloss.png
  artifactKey: Guid(e2e09d3ddebbff148b61304933f5bcd7) Importer(815301076,1909f56bfc062723c751e8b465ee728b)
Start importing Assets/Forest/TreesModels/RedWood 5_Textures/translucency_gloss.png using Guid(e2e09d3ddebbff148b61304933f5bcd7) Importer(815301076,1909f56bfc062723c751e8b465ee728b)  -> (artifact id: '574e84b8d26629f3f36e57c99bbd5df6') in 0.021314 seconds
  Import took 0.027859 seconds .

========================================================================
Received Import Request.
  Time since last request: 0.000439 seconds.
  path: Assets/Forest/Textures/Ground/Rock Grs 2 N.psd
  artifactKey: Guid(9dde4df865d6a5246ba519fc75deee2c) Importer(815301076,1909f56bfc062723c751e8b465ee728b)
Start importing Assets/Forest/Textures/Ground/Rock Grs 2 N.psd using Guid(9dde4df865d6a5246ba519fc75deee2c) Importer(815301076,1909f56bfc062723c751e8b465ee728b)  -> (artifact id: 'a8cfcd19bbe844d0e4df8aae088e2399') in 0.058136 seconds
  Import took 0.064745 seconds .

========================================================================
Received Import Request.
  Time since last request: 0.000423 seconds.
  path: Assets/Forest/TreesModels/RedWood 3_Textures/normal_specular.png
  artifactKey: Guid(4ef0e4f288bc40249ac9c68a50114447) Importer(815301076,1909f56bfc062723c751e8b465ee728b)
Start importing Assets/Forest/TreesModels/RedWood 3_Textures/normal_specular.png using Guid(4ef0e4f288bc40249ac9c68a50114447) Importer(815301076,1909f56bfc062723c751e8b465ee728b)  -> (artifact id: '0f094518134214437615d138b38dcab0') in 0.023840 seconds
  Import took 0.030790 seconds .

========================================================================
Received Import Request.
  Time since last request: 0.000677 seconds.
  path: Assets/Forest/TreesModels/RedWood 2_Textures/normal_specular.png
  artifactKey: Guid(1143194b37a192447bafd749605c1387) Importer(815301076,1909f56bfc062723c751e8b465ee728b)
Start importing Assets/Forest/TreesModels/RedWood 2_Textures/normal_specular.png using Guid(1143194b37a192447bafd749605c1387) Importer(815301076,1909f56bfc062723c751e8b465ee728b)  -> (artifact id: 'df8e41ca691692da99c53ecae05a0e42') in 0.047735 seconds
  Import took 0.058142 seconds .

========================================================================
Received Import Request.
  Time since last request: 0.000766 seconds.
  path: Assets/Sky/Epic_GloriousPink/Epic_GloriousPink_EquiRect.png
  artifactKey: Guid(8a293ce833d584fc98516e0e74f495a4) Importer(815301076,1909f56bfc062723c751e8b465ee728b)
Start importing Assets/Sky/Epic_GloriousPink/Epic_GloriousPink_EquiRect.png using Guid(8a293ce833d584fc98516e0e74f495a4) Importer(815301076,1909f56bfc062723c751e8b465ee728b)  -> (artifact id: '8da42d7c652f740005dda48ea8052573') in 0.515966 seconds
  Import took 0.545924 seconds .

========================================================================
Received Import Request.
  Time since last request: 0.000940 seconds.
  path: Assets/Sky/Epic_GloriousPink/Epic_GloriousPink_Cam_5_Down-Y.png
  artifactKey: Guid(213ae241f43b44b3f961dd8739080120) Importer(815301076,1909f56bfc062723c751e8b465ee728b)
Start importing Assets/Sky/Epic_GloriousPink/Epic_GloriousPink_Cam_5_Down-Y.png using Guid(213ae241f43b44b3f961dd8739080120) Importer(815301076,1909f56bfc062723c751e8b465ee728b)  -> (artifact id: 'c3f96af021ec4dcd8e3aadb7574fac42') in 0.101905 seconds
  Import took 0.126100 seconds .

========================================================================
Received Prepare
Registering precompiled user dll's ...
Registered in 0.002294 seconds.
Begin MonoManager ReloadAssembly
Native extension for WindowsStandalone target not found
Refreshing native plugins compatible for Editor in 0.79 ms, found 0 plugins.
Preloading 0 native plugins for Editor in 0.00 ms.
Invoked RoslynAnalysisRunner static constructor.
RoslynAnalysisRunner will not be running.
RoslynAnalysisRunner has terminated.
Mono: successfully reloaded assembly
- Completed reload, in  1.415 seconds
Platform modules already initialized, skipping
Refreshing native plugins compatible for Editor in 1.78 ms, found 0 plugins.
Preloading 0 native plugins for Editor in 0.00 ms.
Unloading 1845 Unused Serialized files (Serialized files now loaded: 0)
System memory in use before: 112.8 MB.
System memory in use after: 112.9 MB.

Unloading 5 unused Assets to reduce memory usage. Loaded Objects now: 2473.
Total: 5.758600 ms (FindLiveObjects: 0.957400 ms CreateObjectMapping: 0.398600 ms MarkObjects: 4.366400 ms  DeleteObjects: 0.032200 ms)

========================================================================
Received Prepare
Registering precompiled user dll's ...
Registered in 0.001995 seconds.
Begin MonoManager ReloadAssembly
Native extension for WindowsStandalone target not found
Refreshing native plugins compatible for Editor in 0.45 ms, found 0 plugins.
Preloading 0 native plugins for Editor in 0.00 ms.
Invoked RoslynAnalysisRunner static constructor.
RoslynAnalysisRunner will not be running.
RoslynAnalysisRunner has terminated.
Mono: successfully reloaded assembly
- Completed reload, in  1.849 seconds
Platform modules already initialized, skipping
Refreshing native plugins compatible for Editor in 0.64 ms, found 0 plugins.
Preloading 0 native plugins for Editor in 0.00 ms.
Unloading 1845 Unused Serialized files (Serialized files now loaded: 0)
System memory in use before: 112.8 MB.
System memory in use after: 112.9 MB.

Unloading 5 unused Assets to reduce memory usage. Loaded Objects now: 2476.
Total: 9.827600 ms (FindLiveObjects: 1.207300 ms CreateObjectMapping: 0.544100 ms MarkObjects: 7.999600 ms  DeleteObjects: 0.071600 ms)

========================================================================
Received Prepare
Registering precompiled user dll's ...
Registered in 0.003014 seconds.
Begin MonoManager ReloadAssembly
Native extension for WindowsStandalone target not found
Refreshing native plugins compatible for Editor in 0.51 ms, found 0 plugins.
Preloading 0 native plugins for Editor in 0.00 ms.
Invoked RoslynAnalysisRunner static constructor.
RoslynAnalysisRunner will not be running.
RoslynAnalysisRunner has terminated.
Mono: successfully reloaded assembly
- Completed reload, in  1.393 seconds
Platform modules already initialized, skipping
Refreshing native plugins compatible for Editor in 0.53 ms, found 0 plugins.
Preloading 0 native plugins for Editor in 0.00 ms.
Unloading 1845 Unused Serialized files (Serialized files now loaded: 0)
System memory in use before: 112.8 MB.
System memory in use after: 112.9 MB.

Unloading 5 unused Assets to reduce memory usage. Loaded Objects now: 2479.
Total: 6.963700 ms (FindLiveObjects: 1.461700 ms CreateObjectMapping: 0.363400 ms MarkObjects: 5.080800 ms  DeleteObjects: 0.050700 ms)

========================================================================
Received Prepare
Registering precompiled user dll's ...
Registered in 0.002429 seconds.
Begin MonoManager ReloadAssembly
Native extension for WindowsStandalone target not found
Refreshing native plugins compatible for Editor in 0.44 ms, found 0 plugins.
Preloading 0 native plugins for Editor in 0.00 ms.
Invoked RoslynAnalysisRunner static constructor.
RoslynAnalysisRunner will not be running.
RoslynAnalysisRunner has terminated.
Mono: successfully reloaded assembly
- Completed reload, in  1.231 seconds
Platform modules already initialized, skipping
Refreshing native plugins compatible for Editor in 0.54 ms, found 0 plugins.
Preloading 0 native plugins for Editor in 0.00 ms.
Unloading 1845 Unused Serialized files (Serialized files now loaded: 0)
System memory in use before: 112.8 MB.
System memory in use after: 112.9 MB.

Unloading 5 unused Assets to reduce memory usage. Loaded Objects now: 2482.
Total: 2.665900 ms (FindLiveObjects: 0.511700 ms CreateObjectMapping: 0.146900 ms MarkObjects: 1.987000 ms  DeleteObjects: 0.018100 ms)

========================================================================
Received Prepare
Registering precompiled user dll's ...
Registered in 0.001882 seconds.
Begin MonoManager ReloadAssembly
Native extension for WindowsStandalone target not found
Refreshing native plugins compatible for Editor in 1.95 ms, found 0 plugins.
Preloading 0 native plugins for Editor in 0.00 ms.
Invoked RoslynAnalysisRunner static constructor.
RoslynAnalysisRunner will not be running.
RoslynAnalysisRunner has terminated.
Mono: successfully reloaded assembly
- Completed reload, in  1.727 seconds
Platform modules already initialized, skipping
Refreshing native plugins compatible for Editor in 1.16 ms, found 0 plugins.
Preloading 0 native plugins for Editor in 0.00 ms.
Unloading 1845 Unused Serialized files (Serialized files now loaded: 0)
System memory in use before: 112.8 MB.
System memory in use after: 112.9 MB.

Unloading 5 unused Assets to reduce memory usage. Loaded Objects now: 2485.
Total: 5.089900 ms (FindLiveObjects: 0.832300 ms CreateObjectMapping: 0.437300 ms MarkObjects: 3.755500 ms  DeleteObjects: 0.062500 ms)

========================================================================
Received Prepare
Registering precompiled user dll's ...
Registered in 0.001730 seconds.
Begin MonoManager ReloadAssembly
Native extension for WindowsStandalone target not found
Refreshing native plugins compatible for Editor in 0.62 ms, found 0 plugins.
Preloading 0 native plugins for Editor in 0.00 ms.
Invoked RoslynAnalysisRunner static constructor.
RoslynAnalysisRunner will not be running.
RoslynAnalysisRunner has terminated.
Mono: successfully reloaded assembly
- Completed reload, in  1.587 seconds
Platform modules already initialized, skipping
Refreshing native plugins compatible for Editor in 0.52 ms, found 0 plugins.
Preloading 0 native plugins for Editor in 0.00 ms.
Unloading 1845 Unused Serialized files (Serialized files now loaded: 0)
System memory in use before: 112.8 MB.
System memory in use after: 113.0 MB.

Unloading 5 unused Assets to reduce memory usage. Loaded Objects now: 2488.
Total: 3.190800 ms (FindLiveObjects: 0.531800 ms CreateObjectMapping: 0.159600 ms MarkObjects: 2.478700 ms  DeleteObjects: 0.019400 ms)

========================================================================
Received Prepare
Registering precompiled user dll's ...
Registered in 0.001769 seconds.
Begin MonoManager ReloadAssembly
Native extension for WindowsStandalone target not found
Refreshing native plugins compatible for Editor in 0.44 ms, found 0 plugins.
Preloading 0 native plugins for Editor in 0.00 ms.
Invoked RoslynAnalysisRunner static constructor.
RoslynAnalysisRunner will not be running.
RoslynAnalysisRunner has terminated.
Mono: successfully reloaded assembly
- Completed reload, in  1.788 seconds
Platform modules already initialized, skipping
Refreshing native plugins compatible for Editor in 1.06 ms, found 0 plugins.
Preloading 0 native plugins for Editor in 0.00 ms.
Unloading 1845 Unused Serialized files (Serialized files now loaded: 0)
System memory in use before: 112.8 MB.
System memory in use after: 113.0 MB.

Unloading 5 unused Assets to reduce memory usage. Loaded Objects now: 2491.
Total: 2.813300 ms (FindLiveObjects: 0.437200 ms CreateObjectMapping: 0.137000 ms MarkObjects: 2.216500 ms  DeleteObjects: 0.019600 ms)

========================================================================
Received Prepare
Registering precompiled user dll's ...
Registered in 0.004506 seconds.
Begin MonoManager ReloadAssembly
Native extension for WindowsStandalone target not found
Refreshing native plugins compatible for Editor in 0.52 ms, found 0 plugins.
Preloading 0 native plugins for Editor in 0.00 ms.
Invoked RoslynAnalysisRunner static constructor.
RoslynAnalysisRunner will not be running.
RoslynAnalysisRunner has terminated.
Mono: successfully reloaded assembly
- Completed reload, in  1.434 seconds
Platform modules already initialized, skipping
Refreshing native plugins compatible for Editor in 1.49 ms, found 0 plugins.
Preloading 0 native plugins for Editor in 0.00 ms.
Unloading 1845 Unused Serialized files (Serialized files now loaded: 0)
System memory in use before: 112.9 MB.
System memory in use after: 113.0 MB.

Unloading 5 unused Assets to reduce memory usage. Loaded Objects now: 2494.
Total: 4.667600 ms (FindLiveObjects: 0.756400 ms CreateObjectMapping: 0.157100 ms MarkObjects: 3.654300 ms  DeleteObjects: 0.095300 ms)

========================================================================
Received Prepare
Registering precompiled user dll's ...
Registered in 0.002279 seconds.
Begin MonoManager ReloadAssembly
Native extension for WindowsStandalone target not found
Refreshing native plugins compatible for Editor in 1.50 ms, found 0 plugins.
Preloading 0 native plugins for Editor in 0.00 ms.
Invoked RoslynAnalysisRunner static constructor.
RoslynAnalysisRunner will not be running.
RoslynAnalysisRunner has terminated.
Mono: successfully reloaded assembly
- Completed reload, in  1.366 seconds
Platform modules already initialized, skipping
Refreshing native plugins compatible for Editor in 0.47 ms, found 0 plugins.
Preloading 0 native plugins for Editor in 0.00 ms.
Unloading 1845 Unused Serialized files (Serialized files now loaded: 0)
System memory in use before: 112.9 MB.
System memory in use after: 113.0 MB.

Unloading 5 unused Assets to reduce memory usage. Loaded Objects now: 2497.
Total: 3.478800 ms (FindLiveObjects: 0.501800 ms CreateObjectMapping: 0.192500 ms MarkObjects: 2.761100 ms  DeleteObjects: 0.021300 ms)

========================================================================
Received Import Request.
  Time since last request: 2275.364818 seconds.
  path: Assets/Scenes/SampleScene.unity
  artifactKey: Guid(9fc0d4010bbf28b4594072e72b8655ab) Importer(815301076,1909f56bfc062723c751e8b465ee728b)
Start importing Assets/Scenes/SampleScene.unity using Guid(9fc0d4010bbf28b4594072e72b8655ab) Importer(815301076,1909f56bfc062723c751e8b465ee728b)  -> (artifact id: '1e710fc5062c9d60e0b80a7d0d03fe52') in 0.086023 seconds
  Import took 0.091665 seconds .

========================================================================
Received Prepare
Registering precompiled user dll's ...
Registered in 0.001673 seconds.
Begin MonoManager ReloadAssembly
Native extension for WindowsStandalone target not found
Refreshing native plugins compatible for Editor in 0.45 ms, found 0 plugins.
Preloading 0 native plugins for Editor in 0.00 ms.
Invoked RoslynAnalysisRunner static constructor.
RoslynAnalysisRunner will not be running.
RoslynAnalysisRunner has terminated.
Mono: successfully reloaded assembly
- Completed reload, in  1.407 seconds
Platform modules already initialized, skipping
Refreshing native plugins compatible for Editor in 0.66 ms, found 0 plugins.
Preloading 0 native plugins for Editor in 0.00 ms.
Unloading 1845 Unused Serialized files (Serialized files now loaded: 0)
System memory in use before: 112.9 MB.
System memory in use after: 113.0 MB.

Unloading 5 unused Assets to reduce memory usage. Loaded Objects now: 2500.
Total: 6.105700 ms (FindLiveObjects: 0.939700 ms CreateObjectMapping: 0.443300 ms MarkObjects: 4.678800 ms  DeleteObjects: 0.039200 ms)

========================================================================
Received Import Request.
  Time since last request: 25.126939 seconds.
  path: Assets/Scenes/Scene.unity
  artifactKey: Guid(9fc0d4010bbf28b4594072e72b8655ab) Importer(815301076,1909f56bfc062723c751e8b465ee728b)
Start importing Assets/Scenes/Scene.unity using Guid(9fc0d4010bbf28b4594072e72b8655ab) Importer(815301076,1909f56bfc062723c751e8b465ee728b)  -> (artifact id: 'fa4ed2fc2266681be6de5babd36778d1') in 0.047609 seconds
  Import took 0.057369 seconds .

========================================================================
Received Prepare
Registering precompiled user dll's ...
Registered in 0.002613 seconds.
Begin MonoManager ReloadAssembly
Native extension for WindowsStandalone target not found
Refreshing native plugins compatible for Editor in 0.56 ms, found 0 plugins.
Preloading 0 native plugins for Editor in 0.00 ms.
Invoked RoslynAnalysisRunner static constructor.
RoslynAnalysisRunner will not be running.
RoslynAnalysisRunner has terminated.
Mono: successfully reloaded assembly
- Completed reload, in  1.430 seconds
Platform modules already initialized, skipping
Refreshing native plugins compatible for Editor in 0.54 ms, found 0 plugins.
Preloading 0 native plugins for Editor in 0.00 ms.
Unloading 1845 Unused Serialized files (Serialized files now loaded: 0)
System memory in use before: 112.9 MB.
System memory in use after: 113.0 MB.

Unloading 5 unused Assets to reduce memory usage. Loaded Objects now: 2503.
Total: 3.284000 ms (FindLiveObjects: 0.393300 ms CreateObjectMapping: 0.104200 ms MarkObjects: 2.762200 ms  DeleteObjects: 0.021600 ms)

========================================================================
Received Prepare
Registering precompiled user dll's ...
Registered in 0.002153 seconds.
Begin MonoManager ReloadAssembly
Native extension for WindowsStandalone target not found
Refreshing native plugins compatible for Editor in 0.55 ms, found 0 plugins.
Preloading 0 native plugins for Editor in 0.00 ms.
Invoked RoslynAnalysisRunner static constructor.
RoslynAnalysisRunner will not be running.
RoslynAnalysisRunner has terminated.
Mono: successfully reloaded assembly
- Completed reload, in  1.357 seconds
Platform modules already initialized, skipping
Refreshing native plugins compatible for Editor in 0.59 ms, found 0 plugins.
Preloading 0 native plugins for Editor in 0.00 ms.
Unloading 1845 Unused Serialized files (Serialized files now loaded: 0)
System memory in use before: 112.9 MB.
System memory in use after: 113.0 MB.

Unloading 5 unused Assets to reduce memory usage. Loaded Objects now: 2506.
Total: 5.359100 ms (FindLiveObjects: 0.619900 ms CreateObjectMapping: 0.173900 ms MarkObjects: 4.526300 ms  DeleteObjects: 0.034200 ms)

========================================================================
Received Prepare
Registering precompiled user dll's ...
Registered in 0.001127 seconds.
Begin MonoManager ReloadAssembly
Native extension for WindowsStandalone target not found
Refreshing native plugins compatible for Editor in 0.44 ms, found 0 plugins.
Preloading 0 native plugins for Editor in 0.00 ms.
Invoked RoslynAnalysisRunner static constructor.
RoslynAnalysisRunner will not be running.
RoslynAnalysisRunner has terminated.
Mono: successfully reloaded assembly
- Completed reload, in  1.438 seconds
Platform modules already initialized, skipping
Refreshing native plugins compatible for Editor in 0.51 ms, found 0 plugins.
Preloading 0 native plugins for Editor in 0.00 ms.
Unloading 1845 Unused Serialized files (Serialized files now loaded: 0)
System memory in use before: 112.9 MB.
System memory in use after: 113.0 MB.

Unloading 5 unused Assets to reduce memory usage. Loaded Objects now: 2509.
Total: 3.354300 ms (FindLiveObjects: 0.502600 ms CreateObjectMapping: 0.227100 ms MarkObjects: 2.605000 ms  DeleteObjects: 0.017800 ms)

========================================================================
Received Import Request.
  Time since last request: 534.540148 seconds.
  path: Assets/New Terrain.asset
  artifactKey: Guid(90040e0dc7608984b98a73eb743940fc) Importer(815301076,1909f56bfc062723c751e8b465ee728b)
Start importing Assets/New Terrain.asset using Guid(90040e0dc7608984b98a73eb743940fc) Importer(815301076,1909f56bfc062723c751e8b465ee728b)  -> (artifact id: 'aab004feafced4329a299c569d170408') in 0.071115 seconds
  Import took 0.079712 seconds .

========================================================================
Received Import Request.
  Time since last request: 0.013657 seconds.
  path: Assets/New Terrain.asset
  artifactKey: Guid(90040e0dc7608984b98a73eb743940fc) Importer(815301076,1909f56bfc062723c751e8b465ee728b)
Start importing Assets/New Terrain.asset using Guid(90040e0dc7608984b98a73eb743940fc) Importer(815301076,1909f56bfc062723c751e8b465ee728b)  -> (artifact id: 'aab004feafced4329a299c569d170408') in 0.022825 seconds
  Import took 0.033893 seconds .

========================================================================
Received Prepare
Registering precompiled user dll's ...
Registered in 0.002890 seconds.
Begin MonoManager ReloadAssembly
Native extension for WindowsStandalone target not found
Refreshing native plugins compatible for Editor in 0.90 ms, found 0 plugins.
Preloading 0 native plugins for Editor in 0.00 ms.
Invoked RoslynAnalysisRunner static constructor.
RoslynAnalysisRunner will not be running.
RoslynAnalysisRunner has terminated.
Mono: successfully reloaded assembly
- Completed reload, in  2.222 seconds
Platform modules already initialized, skipping
Refreshing native plugins compatible for Editor in 1.84 ms, found 0 plugins.
Preloading 0 native plugins for Editor in 0.00 ms.
Unloading 1845 Unused Serialized files (Serialized files now loaded: 0)
System memory in use before: 112.9 MB.
System memory in use after: 113.0 MB.

Unloading 5 unused Assets to reduce memory usage. Loaded Objects now: 2512.
Total: 9.566800 ms (FindLiveObjects: 1.257300 ms CreateObjectMapping: 0.363400 ms MarkObjects: 7.618600 ms  DeleteObjects: 0.320300 ms)

AssetImportWorkerClient::OnTransportError - code=2 error=End of file
